<?xml version="1.0" encoding="UTF-8"?>
<testsuite name="HelloWorldTest" tests="1" skipped="0" failures="0" errors="0" timestamp="2014-11-16T12:44:09" hostname="taka2mba.local" time="0.015">
  <properties/>
  <testcase name="testHello" classname="HelloWorldTest" time="0.015"/>
  <system-out><![CDATA[]]></system-out>
  <system-err><![CDATA[]]></system-err>
</testsuite>
